<?xml version="1.0" encoding="UTF-8"?>
<!--
  ######################################################################################
  ## 공통적으로 사용하는 Spring Root Context 설정 [테스트를 위한 Context]                                                     
  ## Author     : Lee Kyung-woo                                                       
  ## Date       : 2012-11-20                          
  ## Description
  ##   Root Context 중에서 보안 설정 부분
  ######################################################################################
-->
<b:beans xmlns:xsi="http://www.w3.org/2001/XMLSchema-instance"
         xmlns:b="http://www.springframework.org/schema/beans"
         xsi:schemaLocation="http://www.springframework.org/schema/beans http://www.springframework.org/schema/beans/spring-beans-3.1.xsd">

  <b:bean id="wcservice" class="nexosframework.services.wc.WCServiceImpl"/>
  
</b:beans>